 Package ‘exactRankTests’ is no longer under development.
 Please consider using package ‘coin’ instead.

NULL
Warning message:
In file(file, "rt") :
  cannot open file '/local/home/jingchengw/Dropbox/Work at NIEHS/sid_reference_data/ys_genera.txt': No such file or directory
── Attaching packages ─────────────────────────────────────── tidyverse 1.3.0 ──
✔ tibble  3.0.4     ✔ dplyr   1.0.2
✔ tidyr   1.1.0     ✔ stringr 1.4.0
✔ readr   1.3.1     ✔ forcats 0.5.0
✔ purrr   0.3.4     
── Conflicts ────────────────────────────────────────── tidyverse_conflicts() ──
✖ dplyr::collapse() masks nlme::collapse()
✖ dplyr::filter()   masks stats::filter()
✖ dplyr::lag()      masks stats::lag()
Loading required package: phyloseq
Loading required package: phyloseq
Loading required package: phyloseq
Loading required package: phyloseq
Loading required package: phyloseq
Loading required package: phyloseq
Loading required package: phyloseq
Loading required package: phyloseq
